{"name": "test_remove_backpack[error_user]", "status": "failed", "statusDetails": {"message": "AssertionError: Expected cart to be empty, 1 still in cart\nassert False\n +  where False = is_cart_empty()\n +    where is_cart_empty = <pages.products_page.ProductsPage object at 0x0000016DE36FBD10>.is_cart_empty", "trace": "setup = <selenium.webdriver.chrome.webdriver.WebDriver (session=\"48ee4892a12b74d3445948b15faa62d9\")>, username = 'error_user'\n\n    @allure.label(\"category\", \"functional\")\n    def test_remove_backpack(setup, username):\n        allure.dynamic.suite(username)\n        allure.dynamic.label(\"user\", username)\n    \n        driver = setup\n        products_page = ProductsPage(driver)\n    \n        products_page.add_backpack_to_cart()\n        products_page.remove_backpack_from_cart()\n    \n>       assert products_page.is_cart_empty(), f\"Expected cart to be empty, {products_page.get_cart_count()} still in cart\"\nE       AssertionError: Expected cart to be empty, 1 still in cart\nE       assert False\nE        +  where False = is_cart_empty()\nE        +    where is_cart_empty = <pages.products_page.ProductsPage object at 0x0000016DE36FBD10>.is_cart_empty\n\ntests\\functional\\test_add_item.py:60: AssertionError"}, "steps": [{"name": "Add backpack to cart", "status": "passed", "parameters": [{"name": "timeout", "value": "10"}], "start": 1745166213709, "stop": 1745166213779}, {"name": "Remove backpack from cart", "status": "passed", "parameters": [{"name": "timeout", "value": "10"}], "start": 1745166213779, "stop": 1745166213841}], "parameters": [{"name": "username", "value": "'error_user'"}, {"name": "password", "value": "'secret_sauce'"}], "start": 1745166213709, "stop": 1745166224047, "uuid": "c3e7e23b-aa0d-4ac4-b00c-02ce98dfa16c", "historyId": "0cffc6f6d4bb10e6b86e4ecaca144f2e", "testCaseId": "27b905942f500fe9da9cc93ed9e4e034", "fullName": "tests.functional.test_add_item#test_remove_backpack", "labels": [{"name": "suite", "value": "error_user"}, {"name": "user", "value": "error_user"}, {"name": "category", "value": "functional"}, {"name": "parentSuite", "value": "tests.functional"}, {"name": "host", "value": "LAPTOP-1CTRFFRH"}, {"name": "thread", "value": "32340-MainThread"}, {"name": "framework", "value": "pytest"}, {"name": "language", "value": "cpython3"}, {"name": "package", "value": "tests.functional.test_add_item"}]}