{"name": "test_remove_backpack[problem_user]", "status": "failed", "statusDetails": {"message": "AssertionError: Expected cart to be empty, 1 still in cart\nassert False\n +  where False = is_cart_empty()\n +    where is_cart_empty = <pages.products_page.ProductsPage object at 0x0000016DE37FA5F0>.is_cart_empty", "trace": "setup = <selenium.webdriver.chrome.webdriver.WebDriver (session=\"af4b5580dbec5cb86eb8c31b82a84b94\")>, username = 'problem_user'\n\n    @allure.label(\"category\", \"functional\")\n    def test_remove_backpack(setup, username):\n        allure.dynamic.suite(username)\n        allure.dynamic.label(\"user\", username)\n    \n        driver = setup\n        products_page = ProductsPage(driver)\n    \n        products_page.add_backpack_to_cart()\n        products_page.remove_backpack_from_cart()\n    \n>       assert products_page.is_cart_empty(), f\"Expected cart to be empty, {products_page.get_cart_count()} still in cart\"\nE       AssertionError: Expected cart to be empty, 1 still in cart\nE       assert False\nE        +  where False = is_cart_empty()\nE        +    where is_cart_empty = <pages.products_page.ProductsPage object at 0x0000016DE37FA5F0>.is_cart_empty\n\ntests\\functional\\test_add_item.py:60: AssertionError"}, "steps": [{"name": "Add backpack to cart", "status": "passed", "parameters": [{"name": "timeout", "value": "10"}], "start": 1745166190171, "stop": 1745166190255}, {"name": "Remove backpack from cart", "status": "passed", "parameters": [{"name": "timeout", "value": "10"}], "start": 1745166190255, "stop": 1745166190334}], "parameters": [{"name": "username", "value": "'problem_user'"}, {"name": "password", "value": "'secret_sauce'"}], "start": 1745166190171, "stop": 1745166200527, "uuid": "2919dd82-8137-4762-9426-6e0324161245", "historyId": "e2177b4b0501ffb0233715e9636aa9de", "testCaseId": "27b905942f500fe9da9cc93ed9e4e034", "fullName": "tests.functional.test_add_item#test_remove_backpack", "labels": [{"name": "suite", "value": "problem_user"}, {"name": "user", "value": "problem_user"}, {"name": "category", "value": "functional"}, {"name": "parentSuite", "value": "tests.functional"}, {"name": "host", "value": "LAPTOP-1CTRFFRH"}, {"name": "thread", "value": "32340-MainThread"}, {"name": "framework", "value": "pytest"}, {"name": "language", "value": "cpython3"}, {"name": "package", "value": "tests.functional.test_add_item"}]}