{"name": "test_remove_backpack[problem_user-secret_sauce]", "status": "failed", "statusDetails": {"message": "AssertionError: Expected cart to be empty, 1 still in cart\nassert False\n +  where False = is_cart_empty()\n +    where is_cart_empty = <pages.products_page.ProductsPage object at 0x0000020D5FC3CAD0>.is_cart_empty", "trace": "setup = <selenium.webdriver.chrome.webdriver.WebDriver (session=\"c0faba518494d64661769e71cd384f8b\")>, username = 'problem_user'\n\n    @allure.label(\"category\", \"functional\")\n    def test_remove_backpack(setup, username):\n        allure.dynamic.label(\"user\", username)\n    \n        driver = setup\n        products_page = ProductsPage(driver)\n    \n        products_page.add_backpack_to_cart()\n        products_page.remove_backpack_from_cart()\n    \n>       assert products_page.is_cart_empty(), f\"Expected cart to be empty, {products_page.get_cart_count()} still in cart\"\nE       AssertionError: Expected cart to be empty, 1 still in cart\nE       assert False\nE        +  where False = is_cart_empty()\nE        +    where is_cart_empty = <pages.products_page.ProductsPage object at 0x0000020D5FC3CAD0>.is_cart_empty\n\ntests\\functional\\test_add_item.py:58: AssertionError"}, "steps": [{"name": "Add backpack to cart", "status": "passed", "parameters": [{"name": "timeout", "value": "10"}], "start": 1745122414561, "stop": 1745122414627}, {"name": "Remove backpack from cart", "status": "passed", "parameters": [{"name": "timeout", "value": "10"}], "start": 1745122414627, "stop": 1745122414682}], "parameters": [{"name": "username", "value": "'problem_user'"}, {"name": "password", "value": "'secret_sauce'"}], "start": 1745122414561, "stop": 1745122424857, "uuid": "5e5ab2c4-d1ee-4fdc-849c-9df50efedd95", "historyId": "e2177b4b0501ffb0233715e9636aa9de", "testCaseId": "27b905942f500fe9da9cc93ed9e4e034", "fullName": "tests.functional.test_add_item#test_remove_backpack", "labels": [{"name": "user", "value": "problem_user"}, {"name": "category", "value": "functional"}, {"name": "parentSuite", "value": "tests.functional"}, {"name": "suite", "value": "test_add_item"}, {"name": "host", "value": "LAPTOP-1CTRFFRH"}, {"name": "thread", "value": "37452-MainThread"}, {"name": "framework", "value": "pytest"}, {"name": "language", "value": "cpython3"}, {"name": "package", "value": "tests.functional.test_add_item"}]}