{"name": "Remove backpack from cart", "status": "failed", "statusDetails": {"message": "AssertionError: Expected cart to be empty, 1 still in cart\nassert False\n +  where False = is_cart_empty()\n +    where is_cart_empty = <pages.products_page.ProductsPage object at 0x00000149D21990F0>.is_cart_empty", "trace": "setup = <selenium.webdriver.chrome.webdriver.WebDriver (session=\"160ab68b7328eff0922cc8331776a16d\")>, username = 'problem_user'\n\n    @allure.suite(\"Functional Tests\")\n    @allure.title(\"Remove backpack from cart\")\n    def test_remove_backpack(setup, username):\n        allure.dynamic.parent_suite(f\"User: {username}\")\n    \n        driver = setup\n        products_page = ProductsPage(driver)\n    \n        products_page.add_backpack_to_cart()\n        products_page.remove_backpack_from_cart()\n    \n>       assert products_page.is_cart_empty(), f\"Expected cart to be empty, {products_page.get_cart_count()} still in cart\"\nE       AssertionError: Expected cart to be empty, 1 still in cart\nE       assert False\nE        +  where False = is_cart_empty()\nE        +    where is_cart_empty = <pages.products_page.ProductsPage object at 0x00000149D21990F0>.is_cart_empty\n\ntests\\functional\\test_add_item.py:60: AssertionError"}, "steps": [{"name": "Add backpack to cart", "status": "passed", "parameters": [{"name": "timeout", "value": "10"}], "start": 1745170604755, "stop": 1745170604825}, {"name": "Remove backpack from cart", "status": "passed", "parameters": [{"name": "timeout", "value": "10"}], "start": 1745170604825, "stop": 1745170604877}], "parameters": [{"name": "username", "value": "'problem_user'"}, {"name": "password", "value": "'secret_sauce'"}], "start": 1745170604755, "stop": 1745170615066, "uuid": "b9fe3c1c-0fd6-402f-b9e4-391a2b14bb1f", "historyId": "e2177b4b0501ffb0233715e9636aa9de", "testCaseId": "27b905942f500fe9da9cc93ed9e4e034", "fullName": "tests.functional.test_add_item#test_remove_backpack", "labels": [{"name": "parentSuite", "value": "User: problem_user"}, {"name": "suite", "value": "Functional Tests"}, {"name": "host", "value": "LAPTOP-1CTRFFRH"}, {"name": "thread", "value": "8904-MainThread"}, {"name": "framework", "value": "pytest"}, {"name": "language", "value": "cpython3"}, {"name": "package", "value": "tests.functional.test_add_item"}]}