{"name": "Complete checkout flow", "status": "failed", "statusDetails": {"message": "AssertionError: assert 'Checkout: Overview' in '<html lang=\"en\"><head><meta charset=\"utf-8\"><style type=\"text/css\">svg:not(:root).svg-inline--fa {\\n  overflow: visib... src=\"/static/js/2.84a5cbf3.chunk.js\"></script><script src=\"/static/js/main.018d2d1e.chunk.js\"></script></body></html>'\n +  where '<html lang=\"en\"><head><meta charset=\"utf-8\"><style type=\"text/css\">svg:not(:root).svg-inline--fa {\\n  overflow: visib... src=\"/static/js/2.84a5cbf3.chunk.js\"></script><script src=\"/static/js/main.018d2d1e.chunk.js\"></script></body></html>' = <selenium.webdriver.chrome.webdriver.WebDriver (session=\"8c8e5d447487fed3d7c3772cfddf7bf6\")>.page_source", "trace": "setup = <selenium.webdriver.chrome.webdriver.WebDriver (session=\"8c8e5d447487fed3d7c3772cfddf7bf6\")>, username = 'problem_user'\n\n    @allure.suite(\"Functional\")\n    @allure.title(\"Complete checkout flow\")\n    def test_checkout(setup, username):\n        allure.dynamic.parent_suite(username)\n    \n        driver = setup\n        products_page = ProductsPage(driver)\n    \n        products_page.add_backpack_to_cart()\n        products_page.click_cart_button()\n    \n        assert \"Sauce Labs Backpack\" in driver.page_source\n    \n        cart_page = CartPage(driver)\n        cart_page.click_checkout()\n    \n        assert \"Checkout\" in driver.page_source\n    \n        checkout_info_page = CheckoutInfoPage(driver)\n        checkout_info_page.enter_first_name(\"John\")\n        checkout_info_page.enter_last_name(\"Doe\")\n        checkout_info_page.enter_postal_code(\"123456\")\n        checkout_info_page.click_continue()\n    \n>       assert \"Checkout: Overview\" in driver.page_source\nE       assert 'Checkout: Overview' in '<html lang=\"en\"><head><meta charset=\"utf-8\"><style type=\"text/css\">svg:not(:root).svg-inline--fa {\\n  overflow: visib... src=\"/static/js/2.84a5cbf3.chunk.js\"></script><script src=\"/static/js/main.018d2d1e.chunk.js\"></script></body></html>'\nE        +  where '<html lang=\"en\"><head><meta charset=\"utf-8\"><style type=\"text/css\">svg:not(:root).svg-inline--fa {\\n  overflow: visib... src=\"/static/js/2.84a5cbf3.chunk.js\"></script><script src=\"/static/js/main.018d2d1e.chunk.js\"></script></body></html>' = <selenium.webdriver.chrome.webdriver.WebDriver (session=\"8c8e5d447487fed3d7c3772cfddf7bf6\")>.page_source\n\ntests\\functional\\test_add_item.py:104: AssertionError"}, "steps": [{"name": "Add backpack to cart", "status": "passed", "parameters": [{"name": "timeout", "value": "10"}], "start": 1745169944244, "stop": 1745169944310}, {"name": "Go to cart", "status": "passed", "start": 1745169944311, "stop": 1745169944376}, {"name": "Enter first name", "status": "passed", "parameters": [{"name": "first_name", "value": "'John'"}], "start": 1745169944446, "stop": 1745169944514}, {"name": "Enter last name", "status": "passed", "parameters": [{"name": "last_name", "value": "'Doe'"}], "start": 1745169944515, "stop": 1745169944575}, {"name": "Enter postal code", "status": "passed", "parameters": [{"name": "postal_code", "value": "'123456'"}], "start": 1745169944575, "stop": 1745169944642}, {"name": "Click continue", "status": "passed", "start": 1745169944642, "stop": 1745169944708}], "parameters": [{"name": "username", "value": "'problem_user'"}, {"name": "password", "value": "'secret_sauce'"}], "start": 1745169944244, "stop": 1745169944712, "uuid": "ae976e46-5a86-4e3c-921d-d7b6f6578983", "historyId": "af27ec373c33272e9d5e82c710c82c7f", "testCaseId": "a04a3c1a2f6265e0defb156b179f1a49", "fullName": "tests.functional.test_add_item#test_checkout", "labels": [{"name": "parentSuite", "value": "problem_user"}, {"name": "suite", "value": "Functional"}, {"name": "host", "value": "LAPTOP-1CTRFFRH"}, {"name": "thread", "value": "30436-MainThread"}, {"name": "framework", "value": "pytest"}, {"name": "language", "value": "cpython3"}, {"name": "package", "value": "tests.functional.test_add_item"}]}