{"name": "Complete checkout flow", "status": "failed", "statusDetails": {"message": "AssertionError: assert 'Checkout: Overview' in '<html lang=\"en\"><head><meta charset=\"utf-8\"><style type=\"text/css\">svg:not(:root).svg-inline--fa {\\n  overflow: visib... src=\"/static/js/2.84a5cbf3.chunk.js\"></script><script src=\"/static/js/main.018d2d1e.chunk.js\"></script></body></html>'\n +  where '<html lang=\"en\"><head><meta charset=\"utf-8\"><style type=\"text/css\">svg:not(:root).svg-inline--fa {\\n  overflow: visib... src=\"/static/js/2.84a5cbf3.chunk.js\"></script><script src=\"/static/js/main.018d2d1e.chunk.js\"></script></body></html>' = <selenium.webdriver.chrome.webdriver.WebDriver (session=\"57509cf0f48f9ebf85d344cb8aaadd29\")>.page_source", "trace": "setup = <selenium.webdriver.chrome.webdriver.WebDriver (session=\"57509cf0f48f9ebf85d344cb8aaadd29\")>, username = 'problem_user'\n\n    @allure.suite(\"Functional Tests\")\n    @allure.title(\"Complete checkout flow\")\n    def test_checkout(setup, username):\n        allure.dynamic.parent_suite(f\"User: {username}\")\n    \n        driver = setup\n        products_page = ProductsPage(driver)\n    \n        products_page.add_backpack_to_cart()\n        products_page.click_cart_button()\n    \n        assert \"Sauce Labs Backpack\" in driver.page_source\n    \n        cart_page = CartPage(driver)\n        cart_page.click_checkout()\n    \n        assert \"Checkout\" in driver.page_source\n    \n        checkout_info_page = CheckoutInfoPage(driver)\n        checkout_info_page.enter_first_name(\"John\")\n        checkout_info_page.enter_last_name(\"Doe\")\n        checkout_info_page.enter_postal_code(\"123456\")\n        checkout_info_page.click_continue()\n    \n>       assert \"Checkout: Overview\" in driver.page_source\nE       assert 'Checkout: Overview' in '<html lang=\"en\"><head><meta charset=\"utf-8\"><style type=\"text/css\">svg:not(:root).svg-inline--fa {\\n  overflow: visib... src=\"/static/js/2.84a5cbf3.chunk.js\"></script><script src=\"/static/js/main.018d2d1e.chunk.js\"></script></body></html>'\nE        +  where '<html lang=\"en\"><head><meta charset=\"utf-8\"><style type=\"text/css\">svg:not(:root).svg-inline--fa {\\n  overflow: visib... src=\"/static/js/2.84a5cbf3.chunk.js\"></script><script src=\"/static/js/main.018d2d1e.chunk.js\"></script></body></html>' = <selenium.webdriver.chrome.webdriver.WebDriver (session=\"57509cf0f48f9ebf85d344cb8aaadd29\")>.page_source\n\ntests\\functional\\test_add_item.py:104: AssertionError"}, "steps": [{"name": "Add backpack to cart", "status": "passed", "parameters": [{"name": "timeout", "value": "10"}], "start": 1745170681213, "stop": 1745170681276}, {"name": "Go to cart", "status": "passed", "start": 1745170681276, "stop": 1745170681341}, {"name": "Enter first name", "status": "passed", "parameters": [{"name": "first_name", "value": "'John'"}], "start": 1745170681413, "stop": 1745170681483}, {"name": "Enter last name", "status": "passed", "parameters": [{"name": "last_name", "value": "'Doe'"}], "start": 1745170681483, "stop": 1745170681546}, {"name": "Enter postal code", "status": "passed", "parameters": [{"name": "postal_code", "value": "'123456'"}], "start": 1745170681546, "stop": 1745170681612}, {"name": "Click continue", "status": "passed", "start": 1745170681612, "stop": 1745170681688}], "parameters": [{"name": "username", "value": "'problem_user'"}, {"name": "password", "value": "'secret_sauce'"}], "start": 1745170681213, "stop": 1745170681693, "uuid": "23422feb-232a-47d6-86f7-def2cf621157", "historyId": "af27ec373c33272e9d5e82c710c82c7f", "testCaseId": "a04a3c1a2f6265e0defb156b179f1a49", "fullName": "tests.functional.test_add_item#test_checkout", "labels": [{"name": "parentSuite", "value": "User: problem_user"}, {"name": "suite", "value": "Functional Tests"}, {"name": "host", "value": "LAPTOP-1CTRFFRH"}, {"name": "thread", "value": "8904-MainThread"}, {"name": "framework", "value": "pytest"}, {"name": "language", "value": "cpython3"}, {"name": "package", "value": "tests.functional.test_add_item"}]}