{"name": "test_remove_backpack[error_user-secret_sauce]", "status": "failed", "statusDetails": {"message": "AssertionError: Expected cart to be empty, 1 still in cart\nassert False\n +  where False = is_cart_empty()\n +    where is_cart_empty = <pages.products_page.ProductsPage object at 0x0000020D5FB37AD0>.is_cart_empty", "trace": "setup = <selenium.webdriver.chrome.webdriver.WebDriver (session=\"d559b2f73067ac648298f9e807ab5c7b\")>, username = 'error_user'\n\n    @allure.label(\"category\", \"functional\")\n    def test_remove_backpack(setup, username):\n        allure.dynamic.label(\"user\", username)\n    \n        driver = setup\n        products_page = ProductsPage(driver)\n    \n        products_page.add_backpack_to_cart()\n        products_page.remove_backpack_from_cart()\n    \n>       assert products_page.is_cart_empty(), f\"Expected cart to be empty, {products_page.get_cart_count()} still in cart\"\nE       AssertionError: Expected cart to be empty, 1 still in cart\nE       assert False\nE        +  where False = is_cart_empty()\nE        +    where is_cart_empty = <pages.products_page.ProductsPage object at 0x0000020D5FB37AD0>.is_cart_empty\n\ntests\\functional\\test_add_item.py:58: AssertionError"}, "steps": [{"name": "Add backpack to cart", "status": "passed", "parameters": [{"name": "timeout", "value": "10"}], "start": 1745122437886, "stop": 1745122437956}, {"name": "Remove backpack from cart", "status": "passed", "parameters": [{"name": "timeout", "value": "10"}], "start": 1745122437956, "stop": 1745122438021}], "parameters": [{"name": "username", "value": "'error_user'"}, {"name": "password", "value": "'secret_sauce'"}], "start": 1745122437886, "stop": 1745122448207, "uuid": "9cb7a92d-925a-4767-94d7-1b0eace114eb", "historyId": "0cffc6f6d4bb10e6b86e4ecaca144f2e", "testCaseId": "27b905942f500fe9da9cc93ed9e4e034", "fullName": "tests.functional.test_add_item#test_remove_backpack", "labels": [{"name": "user", "value": "error_user"}, {"name": "category", "value": "functional"}, {"name": "parentSuite", "value": "tests.functional"}, {"name": "suite", "value": "test_add_item"}, {"name": "host", "value": "LAPTOP-1CTRFFRH"}, {"name": "thread", "value": "37452-MainThread"}, {"name": "framework", "value": "pytest"}, {"name": "language", "value": "cpython3"}, {"name": "package", "value": "tests.functional.test_add_item"}]}