{"name": "Complete checkout flow", "status": "failed", "statusDetails": {"message": "AssertionError: assert 'Checkout: Complete!' in '<html lang=\"en\"><head><meta charset=\"utf-8\"><link rel=\"icon\" href=\"/favicon.ico\"><meta name=\"robots\" content=\"noindex... src=\"/static/js/2.84a5cbf3.chunk.js\"></script><script src=\"/static/js/main.018d2d1e.chunk.js\"></script></body></html>'\n +  where '<html lang=\"en\"><head><meta charset=\"utf-8\"><link rel=\"icon\" href=\"/favicon.ico\"><meta name=\"robots\" content=\"noindex... src=\"/static/js/2.84a5cbf3.chunk.js\"></script><script src=\"/static/js/main.018d2d1e.chunk.js\"></script></body></html>' = <selenium.webdriver.chrome.webdriver.WebDriver (session=\"ef0ffdd9326301c04646c8431cfbf5ed\")>.page_source", "trace": "setup = <selenium.webdriver.chrome.webdriver.WebDriver (session=\"ef0ffdd9326301c04646c8431cfbf5ed\")>, username = 'error_user'\n\n    @allure.suite(\"Functional\")\n    @allure.title(\"Complete checkout flow\")\n    def test_checkout(setup, username):\n        allure.dynamic.parent_suite(username)\n    \n        driver = setup\n        products_page = ProductsPage(driver)\n    \n        products_page.add_backpack_to_cart()\n        products_page.click_cart_button()\n    \n        assert \"Sauce Labs Backpack\" in driver.page_source\n    \n        cart_page = CartPage(driver)\n        cart_page.click_checkout()\n    \n        assert \"Checkout\" in driver.page_source\n    \n        checkout_info_page = CheckoutInfoPage(driver)\n        checkout_info_page.enter_first_name(\"John\")\n        checkout_info_page.enter_last_name(\"Doe\")\n        checkout_info_page.enter_postal_code(\"123456\")\n        checkout_info_page.click_continue()\n    \n        assert \"Checkout: Overview\" in driver.page_source\n        assert \"Payment Information:\" in driver.page_source\n    \n        checkout_overview_page = CheckoutOverviewPage(driver)\n        checkout_overview_page.click_finish()\n    \n>       assert \"Checkout: Complete!\" in driver.page_source\nE       assert 'Checkout: Complete!' in '<html lang=\"en\"><head><meta charset=\"utf-8\"><link rel=\"icon\" href=\"/favicon.ico\"><meta name=\"robots\" content=\"noindex... src=\"/static/js/2.84a5cbf3.chunk.js\"></script><script src=\"/static/js/main.018d2d1e.chunk.js\"></script></body></html>'\nE        +  where '<html lang=\"en\"><head><meta charset=\"utf-8\"><link rel=\"icon\" href=\"/favicon.ico\"><meta name=\"robots\" content=\"noindex... src=\"/static/js/2.84a5cbf3.chunk.js\"></script><script src=\"/static/js/main.018d2d1e.chunk.js\"></script></body></html>' = <selenium.webdriver.chrome.webdriver.WebDriver (session=\"ef0ffdd9326301c04646c8431cfbf5ed\")>.page_source\n\ntests\\functional\\test_add_item.py:110: AssertionError"}, "steps": [{"name": "Add backpack to cart", "status": "passed", "parameters": [{"name": "timeout", "value": "10"}], "start": 1745169957909, "stop": 1745169957974}, {"name": "Go to cart", "status": "passed", "start": 1745169957974, "stop": 1745169958039}, {"name": "Enter first name", "status": "passed", "parameters": [{"name": "first_name", "value": "'John'"}], "start": 1745169958118, "stop": 1745169958187}, {"name": "Enter last name", "status": "passed", "parameters": [{"name": "last_name", "value": "'Doe'"}], "start": 1745169958187, "stop": 1745169958253}, {"name": "Enter postal code", "status": "passed", "parameters": [{"name": "postal_code", "value": "'123456'"}], "start": 1745169958253, "stop": 1745169958324}, {"name": "Click continue", "status": "passed", "start": 1745169958324, "stop": 1745169958395}, {"name": "Complete checkout", "status": "passed", "start": 1745169958401, "stop": 1745169958453}], "parameters": [{"name": "username", "value": "'error_user'"}, {"name": "password", "value": "'secret_sauce'"}], "start": 1745169957909, "stop": 1745169958456, "uuid": "fc530af3-6af4-4d92-a2c7-9eda7f4352d1", "historyId": "0076ea0f7e076c5ddd8c2dac22893924", "testCaseId": "a04a3c1a2f6265e0defb156b179f1a49", "fullName": "tests.functional.test_add_item#test_checkout", "labels": [{"name": "parentSuite", "value": "error_user"}, {"name": "suite", "value": "Functional"}, {"name": "host", "value": "LAPTOP-1CTRFFRH"}, {"name": "thread", "value": "30436-MainThread"}, {"name": "framework", "value": "pytest"}, {"name": "language", "value": "cpython3"}, {"name": "package", "value": "tests.functional.test_add_item"}]}