{"uid":"51e8b4a777d9695b","name":"Remove backpack from cart","fullName":"tests.functional.test_add_item#test_remove_backpack","historyId":"e2177b4b0501ffb0233715e9636aa9de","time":{"start":1745173427137,"stop":1745173437375,"duration":10238},"status":"failed","statusMessage":"AssertionError: Expected cart to be empty, 1 still in cart\nassert False\n +  where False = is_cart_empty()\n +    where is_cart_empty = <pages.products_page.ProductsPage object at 0x7f0498366f90>.is_cart_empty","statusTrace":"setup = <selenium.webdriver.chrome.webdriver.WebDriver (session=\"325697f9d3580bd1644097cd92f0cd63\")>\nusername = 'problem_user'\n\n    @allure.suite(\"Functional Tests\")\n    @allure.title(\"Remove backpack from cart\")\n    def test_remove_backpack(setup, username):\n        allure.dynamic.parent_suite(f\"User: {username}\")\n    \n        driver = setup\n        products_page = ProductsPage(driver)\n    \n        products_page.add_backpack_to_cart()\n        products_page.remove_backpack_from_cart()\n    \n>       assert products_page.is_cart_empty(), f\"Expected cart to be empty, {products_page.get_cart_count()} still in cart\"\nE       AssertionError: Expected cart to be empty, 1 still in cart\nE       assert False\nE        +  where False = is_cart_empty()\nE        +    where is_cart_empty = <pages.products_page.ProductsPage object at 0x7f0498366f90>.is_cart_empty\n\ntests/functional/test_add_item.py:60: AssertionError","flaky":false,"newFailed":false,"newBroken":false,"newPassed":false,"retriesCount":0,"retriesStatusChange":false,"beforeStages":[{"name":"driver","time":{"start":1745173426382,"stop":1745173426865,"duration":483},"status":"passed","steps":[],"attachments":[],"parameters":[],"shouldDisplayMessage":false,"stepsCount":0,"attachmentsCount":0,"hasContent":false,"attachmentStep":false},{"name":"setup","time":{"start":1745173426866,"stop":1745173427137,"duration":271},"status":"passed","steps":[],"attachments":[],"parameters":[],"shouldDisplayMessage":false,"stepsCount":0,"attachmentsCount":0,"hasContent":false,"attachmentStep":false}],"testStage":{"status":"failed","statusMessage":"AssertionError: Expected cart to be empty, 1 still in cart\nassert False\n +  where False = is_cart_empty()\n +    where is_cart_empty = <pages.products_page.ProductsPage object at 0x7f0498366f90>.is_cart_empty","statusTrace":"setup = <selenium.webdriver.chrome.webdriver.WebDriver (session=\"325697f9d3580bd1644097cd92f0cd63\")>\nusername = 'problem_user'\n\n    @allure.suite(\"Functional Tests\")\n    @allure.title(\"Remove backpack from cart\")\n    def test_remove_backpack(setup, username):\n        allure.dynamic.parent_suite(f\"User: {username}\")\n    \n        driver = setup\n        products_page = ProductsPage(driver)\n    \n        products_page.add_backpack_to_cart()\n        products_page.remove_backpack_from_cart()\n    \n>       assert products_page.is_cart_empty(), f\"Expected cart to be empty, {products_page.get_cart_count()} still in cart\"\nE       AssertionError: Expected cart to be empty, 1 still in cart\nE       assert False\nE        +  where False = is_cart_empty()\nE        +    where is_cart_empty = <pages.products_page.ProductsPage object at 0x7f0498366f90>.is_cart_empty\n\ntests/functional/test_add_item.py:60: AssertionError","steps":[{"name":"Add backpack to cart","time":{"start":1745173427138,"stop":1745173427204,"duration":66},"status":"passed","steps":[],"attachments":[],"parameters":[{"name":"timeout","value":"10"}],"shouldDisplayMessage":false,"stepsCount":0,"attachmentsCount":0,"hasContent":true,"attachmentStep":false},{"name":"Remove backpack from cart","time":{"start":1745173427204,"stop":1745173427254,"duration":50},"status":"passed","steps":[],"attachments":[],"parameters":[{"name":"timeout","value":"10"}],"shouldDisplayMessage":false,"stepsCount":0,"attachmentsCount":0,"hasContent":true,"attachmentStep":false}],"attachments":[],"parameters":[],"shouldDisplayMessage":true,"stepsCount":2,"attachmentsCount":0,"hasContent":true,"attachmentStep":false},"afterStages":[{"name":"setup::0","time":{"start":1745173437401,"stop":1745173437402,"duration":1},"status":"passed","steps":[],"attachments":[],"parameters":[],"shouldDisplayMessage":false,"stepsCount":0,"attachmentsCount":0,"hasContent":false,"attachmentStep":false},{"name":"driver::0","time":{"start":1745173437402,"stop":1745173437463,"duration":61},"status":"passed","steps":[],"attachments":[],"parameters":[],"shouldDisplayMessage":false,"stepsCount":0,"attachmentsCount":0,"hasContent":false,"attachmentStep":false}],"labels":[{"name":"parentSuite","value":"User: problem_user"},{"name":"suite","value":"Functional Tests"},{"name":"host","value":"fv-az1368-984"},{"name":"thread","value":"1919-MainThread"},{"name":"framework","value":"pytest"},{"name":"language","value":"cpython3"},{"name":"package","value":"tests.functional.test_add_item"},{"name":"resultFormat","value":"allure2"}],"parameters":[{"name":"password","value":"'secret_sauce'"},{"name":"username","value":"'problem_user'"}],"links":[],"hidden":false,"retry":false,"extra":{"severity":"normal","retries":[],"categories":[{"name":"Product defects","matchedStatuses":[]}],"tags":[]},"source":"51e8b4a777d9695b.json","parameterValues":["'secret_sauce'","'problem_user'"]}