{"uid":"a2cf031793968b7e","name":"Remove backpack from cart","fullName":"tests.functional.test_add_item#test_remove_backpack","historyId":"0cffc6f6d4bb10e6b86e4ecaca144f2e","time":{"start":1745175675334,"stop":1745175685591,"duration":10257},"status":"failed","statusMessage":"AssertionError: Expected cart to be empty, 1 still in cart\nassert False\n +  where False = is_cart_empty()\n +    where is_cart_empty = <pages.products_page.ProductsPage object at 0x7f83aa37f410>.is_cart_empty","statusTrace":"setup = <selenium.webdriver.chrome.webdriver.WebDriver (session=\"75affeb44d8a258433b086d4a59925a2\")>\nusername = 'error_user'\n\n    @allure.suite(\"Functional Tests\")\n    @allure.title(\"Remove backpack from cart\")\n    def test_remove_backpack(setup, username):\n        allure.dynamic.parent_suite(f\"User: {username}\")\n    \n        driver = setup\n        products_page = ProductsPage(driver)\n    \n        products_page.add_backpack_to_cart()\n        products_page.remove_backpack_from_cart()\n    \n>       assert products_page.is_cart_empty(), f\"Expected cart to be empty, {products_page.get_cart_count()} still in cart\"\nE       AssertionError: Expected cart to be empty, 1 still in cart\nE       assert False\nE        +  where False = is_cart_empty()\nE        +    where is_cart_empty = <pages.products_page.ProductsPage object at 0x7f83aa37f410>.is_cart_empty\n\ntests/functional/test_add_item.py:60: AssertionError","flaky":false,"newFailed":false,"newBroken":false,"newPassed":false,"retriesCount":0,"retriesStatusChange":false,"beforeStages":[{"name":"driver","time":{"start":1745175674593,"stop":1745175675059,"duration":466},"status":"passed","steps":[],"attachments":[],"parameters":[],"shouldDisplayMessage":false,"stepsCount":0,"attachmentsCount":0,"hasContent":false,"attachmentStep":false},{"name":"setup","time":{"start":1745175675059,"stop":1745175675333,"duration":274},"status":"passed","steps":[],"attachments":[],"parameters":[],"shouldDisplayMessage":false,"stepsCount":0,"attachmentsCount":0,"hasContent":false,"attachmentStep":false}],"testStage":{"status":"failed","statusMessage":"AssertionError: Expected cart to be empty, 1 still in cart\nassert False\n +  where False = is_cart_empty()\n +    where is_cart_empty = <pages.products_page.ProductsPage object at 0x7f83aa37f410>.is_cart_empty","statusTrace":"setup = <selenium.webdriver.chrome.webdriver.WebDriver (session=\"75affeb44d8a258433b086d4a59925a2\")>\nusername = 'error_user'\n\n    @allure.suite(\"Functional Tests\")\n    @allure.title(\"Remove backpack from cart\")\n    def test_remove_backpack(setup, username):\n        allure.dynamic.parent_suite(f\"User: {username}\")\n    \n        driver = setup\n        products_page = ProductsPage(driver)\n    \n        products_page.add_backpack_to_cart()\n        products_page.remove_backpack_from_cart()\n    \n>       assert products_page.is_cart_empty(), f\"Expected cart to be empty, {products_page.get_cart_count()} still in cart\"\nE       AssertionError: Expected cart to be empty, 1 still in cart\nE       assert False\nE        +  where False = is_cart_empty()\nE        +    where is_cart_empty = <pages.products_page.ProductsPage object at 0x7f83aa37f410>.is_cart_empty\n\ntests/functional/test_add_item.py:60: AssertionError","steps":[{"name":"Add backpack to cart","time":{"start":1745175675334,"stop":1745175675402,"duration":68},"status":"passed","steps":[],"attachments":[],"parameters":[{"name":"timeout","value":"10"}],"shouldDisplayMessage":false,"stepsCount":0,"attachmentsCount":0,"hasContent":true,"attachmentStep":false},{"name":"Remove backpack from cart","time":{"start":1745175675402,"stop":1745175675456,"duration":54},"status":"passed","steps":[],"attachments":[],"parameters":[{"name":"timeout","value":"10"}],"shouldDisplayMessage":false,"stepsCount":0,"attachmentsCount":0,"hasContent":true,"attachmentStep":false}],"attachments":[],"parameters":[],"shouldDisplayMessage":true,"stepsCount":2,"attachmentsCount":0,"hasContent":true,"attachmentStep":false},"afterStages":[{"name":"driver::0","time":{"start":1745175685594,"stop":1745175685655,"duration":61},"status":"passed","steps":[],"attachments":[],"parameters":[],"shouldDisplayMessage":false,"stepsCount":0,"attachmentsCount":0,"hasContent":false,"attachmentStep":false},{"name":"setup::0","time":{"start":1745175685594,"stop":1745175685594,"duration":0},"status":"passed","steps":[],"attachments":[],"parameters":[],"shouldDisplayMessage":false,"stepsCount":0,"attachmentsCount":0,"hasContent":false,"attachmentStep":false}],"labels":[{"name":"parentSuite","value":"User: error_user"},{"name":"suite","value":"Functional Tests"},{"name":"host","value":"fv-az1983-422"},{"name":"thread","value":"1916-MainThread"},{"name":"framework","value":"pytest"},{"name":"language","value":"cpython3"},{"name":"package","value":"tests.functional.test_add_item"},{"name":"resultFormat","value":"allure2"}],"parameters":[{"name":"password","value":"'secret_sauce'"},{"name":"username","value":"'error_user'"}],"links":[],"hidden":false,"retry":false,"extra":{"severity":"normal","retries":[],"categories":[{"name":"Product defects","matchedStatuses":[]}],"tags":[]},"source":"a2cf031793968b7e.json","parameterValues":["'secret_sauce'","'error_user'"]}