{"uid":"ec7da9b1ba37ca0","name":"Remove backpack from cart","fullName":"tests.functional.test_add_item#test_remove_backpack","historyId":"0cffc6f6d4bb10e6b86e4ecaca144f2e","time":{"start":1745172037536,"stop":1745172047795,"duration":10259},"status":"failed","statusMessage":"AssertionError: Expected cart to be empty, 1 still in cart\nassert False\n +  where False = is_cart_empty()\n +    where is_cart_empty = <pages.products_page.ProductsPage object at 0x7fe062d82d50>.is_cart_empty","statusTrace":"setup = <selenium.webdriver.chrome.webdriver.WebDriver (session=\"ad05b29d6def693c3ce305d9aed9cd69\")>\nusername = 'error_user'\n\n    @allure.suite(\"Functional Tests\")\n    @allure.title(\"Remove backpack from cart\")\n    def test_remove_backpack(setup, username):\n        allure.dynamic.parent_suite(f\"User: {username}\")\n    \n        driver = setup\n        products_page = ProductsPage(driver)\n    \n        products_page.add_backpack_to_cart()\n        products_page.remove_backpack_from_cart()\n    \n>       assert products_page.is_cart_empty(), f\"Expected cart to be empty, {products_page.get_cart_count()} still in cart\"\nE       AssertionError: Expected cart to be empty, 1 still in cart\nE       assert False\nE        +  where False = is_cart_empty()\nE        +    where is_cart_empty = <pages.products_page.ProductsPage object at 0x7fe062d82d50>.is_cart_empty\n\ntests/functional/test_add_item.py:60: AssertionError","flaky":false,"newFailed":false,"newBroken":false,"newPassed":false,"retriesCount":0,"retriesStatusChange":false,"beforeStages":[{"name":"driver","time":{"start":1745172036766,"stop":1745172037257,"duration":491},"status":"passed","steps":[],"attachments":[],"parameters":[],"shouldDisplayMessage":false,"stepsCount":0,"attachmentsCount":0,"hasContent":false,"attachmentStep":false},{"name":"setup","time":{"start":1745172037258,"stop":1745172037535,"duration":277},"status":"passed","steps":[],"attachments":[],"parameters":[],"shouldDisplayMessage":false,"stepsCount":0,"attachmentsCount":0,"hasContent":false,"attachmentStep":false}],"testStage":{"status":"failed","statusMessage":"AssertionError: Expected cart to be empty, 1 still in cart\nassert False\n +  where False = is_cart_empty()\n +    where is_cart_empty = <pages.products_page.ProductsPage object at 0x7fe062d82d50>.is_cart_empty","statusTrace":"setup = <selenium.webdriver.chrome.webdriver.WebDriver (session=\"ad05b29d6def693c3ce305d9aed9cd69\")>\nusername = 'error_user'\n\n    @allure.suite(\"Functional Tests\")\n    @allure.title(\"Remove backpack from cart\")\n    def test_remove_backpack(setup, username):\n        allure.dynamic.parent_suite(f\"User: {username}\")\n    \n        driver = setup\n        products_page = ProductsPage(driver)\n    \n        products_page.add_backpack_to_cart()\n        products_page.remove_backpack_from_cart()\n    \n>       assert products_page.is_cart_empty(), f\"Expected cart to be empty, {products_page.get_cart_count()} still in cart\"\nE       AssertionError: Expected cart to be empty, 1 still in cart\nE       assert False\nE        +  where False = is_cart_empty()\nE        +    where is_cart_empty = <pages.products_page.ProductsPage object at 0x7fe062d82d50>.is_cart_empty\n\ntests/functional/test_add_item.py:60: AssertionError","steps":[{"name":"Add backpack to cart","time":{"start":1745172037536,"stop":1745172037608,"duration":72},"status":"passed","steps":[],"attachments":[],"parameters":[{"name":"timeout","value":"10"}],"shouldDisplayMessage":false,"stepsCount":0,"attachmentsCount":0,"hasContent":true,"attachmentStep":false},{"name":"Remove backpack from cart","time":{"start":1745172037608,"stop":1745172037662,"duration":54},"status":"passed","steps":[],"attachments":[],"parameters":[{"name":"timeout","value":"10"}],"shouldDisplayMessage":false,"stepsCount":0,"attachmentsCount":0,"hasContent":true,"attachmentStep":false}],"attachments":[],"parameters":[],"shouldDisplayMessage":true,"stepsCount":2,"attachmentsCount":0,"hasContent":true,"attachmentStep":false},"afterStages":[{"name":"setup::0","time":{"start":1745172047797,"stop":1745172047797,"duration":0},"status":"passed","steps":[],"attachments":[],"parameters":[],"shouldDisplayMessage":false,"stepsCount":0,"attachmentsCount":0,"hasContent":false,"attachmentStep":false},{"name":"driver::0","time":{"start":1745172047798,"stop":1745172047860,"duration":62},"status":"passed","steps":[],"attachments":[],"parameters":[],"shouldDisplayMessage":false,"stepsCount":0,"attachmentsCount":0,"hasContent":false,"attachmentStep":false}],"labels":[{"name":"parentSuite","value":"User: error_user"},{"name":"suite","value":"Functional Tests"},{"name":"host","value":"fv-az1704-302"},{"name":"thread","value":"1941-MainThread"},{"name":"framework","value":"pytest"},{"name":"language","value":"cpython3"},{"name":"package","value":"tests.functional.test_add_item"},{"name":"resultFormat","value":"allure2"}],"parameters":[{"name":"password","value":"'secret_sauce'"},{"name":"username","value":"'error_user'"}],"links":[],"hidden":false,"retry":false,"extra":{"severity":"normal","retries":[],"categories":[{"name":"Functional","matchedStatuses":[]},{"name":"UI","matchedStatuses":[]},{"name":"Performance","matchedStatuses":[]}],"tags":[]},"source":"ec7da9b1ba37ca0.json","parameterValues":["'secret_sauce'","'error_user'"]}